<?xml version="1.0" encoding="UTF-8"?>
<!-- Generated by org.testng.reporters.JUnitXMLReporter -->
<testsuite hostname="ADMIN-PC" ignored="0" name="Default test" tests="3" failures="0" timestamp="22 Mar 2019 08:50:32 GMT" time="51.677" errors="0">
  <testcase name="addLocPageTitleTest" time="0.063" classname="com.qa.testscripts.AddLocationPageTest"/>
  <testcase name="addLocationAndVerifyTest" time="9.545" classname="com.qa.testscripts.AddLocationPageTest"/>
  <testcase name="logoutTest" time="1.304" classname="com.qa.testscripts.AddLocationPageTest"/>
</testsuite> <!-- Default test -->
