<?xml version="1.0" encoding="UTF-8"?>
<!-- Generated by org.testng.reporters.JUnitXMLReporter -->
<testsuite hostname="ADMIN-PC" ignored="0" name="Test" tests="5" failures="0" timestamp="09 Mar 2019 23:27:30 GMT" time="94.635" errors="0">
  <testcase name="loginPageTitleTest" time="0.023" classname="com.qa.testscripts.LoginPageTest"/>
  <testcase name="homePageElementsPresentTest" time="0.172" classname="com.qa.testscripts.HomePageTest"/>
  <testcase name="loginPageElementsPresentTest" time="0.277" classname="com.qa.testscripts.LoginPageTest"/>
  <testcase name="logoutTest" time="1.246" classname="com.qa.testscripts.HomePageTest"/>
  <testcase name="loginTest" time="3.512" classname="com.qa.testscripts.LoginPageTest"/>
</testsuite> <!-- Test -->
