<?xml version="1.0" encoding="UTF-8"?>
<testng-results skipped="0" failed="0" ignored="0" total="1" passed="1">
  <reporter-output>
  </reporter-output>
  <suite name="Default suite" duration-ms="22398" started-at="2019-03-11T14:43:43Z" finished-at="2019-03-11T14:44:06Z">
    <groups>
    </groups>
    <test name="Default test" duration-ms="22398" started-at="2019-03-11T14:43:43Z" finished-at="2019-03-11T14:44:06Z">
      <class name="com.qa.testscripts.AddEmpPageTest">
        <test-method status="PASS" signature="setUp()[pri:0, instance:com.qa.testscripts.AddEmpPageTest@1c6f14e]" name="setUp" is-config="true" duration-ms="13047" started-at="2019-03-11T14:43:43Z" finished-at="2019-03-11T14:43:56Z">
          <reporter-output>
          </reporter-output>
        </test-method> <!-- setUp -->
        <test-method status="PASS" signature="addEmployeeAndVerifyTest()[pri:2, instance:com.qa.testscripts.AddEmpPageTest@1c6f14e]" name="addEmployeeAndVerifyTest" duration-ms="9316" started-at="2019-03-11T14:43:56Z" finished-at="2019-03-11T14:44:06Z">
          <reporter-output>
          </reporter-output>
        </test-method> <!-- addEmployeeAndVerifyTest -->
        <test-method status="PASS" signature="tearDown()[pri:0, instance:com.qa.testscripts.AddEmpPageTest@1c6f14e]" name="tearDown" is-config="true" duration-ms="0" started-at="2019-03-11T14:44:06Z" finished-at="2019-03-11T14:44:06Z">
          <reporter-output>
          </reporter-output>
        </test-method> <!-- tearDown -->
      </class> <!-- com.qa.testscripts.AddEmpPageTest -->
    </test> <!-- Default test -->
  </suite> <!-- Default suite -->
</testng-results>
